SF:lib/src/cache.dart
DA:9,0
DA:26,0
DA:31,0
DA:45,0
DA:58,0
DA:59,0
DA:75,0
DA:77,0
DA:78,0
DA:92,0
DA:102,0
DA:117,0
DA:118,0
DA:119,0
DA:135,0
DA:136,0
DA:137,0
DA:152,0
DA:153,0
DA:154,0
DA:172,0
DA:177,0
DA:178,0
DA:193,0
DA:197,0
DA:198,0
DA:211,0
DA:212,0
DA:220,0
LF:29
LH:0
end_of_record
SF:lib/src/cache/cache_driver.dart
DA:22,1
DA:23,1
DA:24,1
DA:26,1
DA:28,1
DA:31,1
DA:32,1
DA:33,1
DA:34,1
DA:35,1
DA:40,1
DA:41,1
DA:44,1
DA:45,2
DA:61,1
DA:62,1
DA:63,1
LF:17
LH:17
end_of_record
SF:lib/src/cache/cache_data.dart
DA:9,1
DA:12,1
DA:13,4
DA:16,2
DA:17,1
DA:18,1
DA:20,1
DA:21,1
DA:26,0
DA:27,0
DA:28,0
LF:11
LH:8
end_of_record
SF:lib/src/drivers/in_memory_cache_driver.dart
DA:14,1
DA:16,2
DA:22,1
DA:24,2
DA:31,1
DA:33,2
DA:40,1
DA:42,2
DA:49,1
DA:50,2
LF:10
LH:10
end_of_record
SF:lib/src/drivers/shared_preferences_cache_driver.dart
DA:8,0
DA:10,0
DA:11,0
DA:13,0
DA:15,0
DA:17,0
DA:18,0
DA:20,0
DA:21,0
DA:23,0
DA:24,0
LF:11
LH:0
end_of_record
SF:lib/src/helpers/common_cache_helper.dart
DA:37,2
DA:38,2
DA:39,1
DA:40,1
DA:41,1
DA:42,1
DA:43,1
DA:44,1
DA:45,1
DA:60,2
DA:61,2
DA:62,2
DA:63,2
DA:64,2
DA:66,2
DA:67,2
DA:68,2
DA:69,2
DA:93,2
DA:94,2
DA:95,2
DA:96,2
DA:97,5
DA:98,2
DA:99,2
DA:101,2
DA:123,2
DA:127,2
DA:129,4
DA:130,0
DA:135,2
DA:137,2
DA:139,6
DA:140,2
DA:145,4
DA:164,1
DA:165,1
DA:184,2
DA:185,2
DA:189,2
DA:190,2
DA:193,2
DA:194,2
LF:43
LH:42
end_of_record
